Found 291 entries.
Found common filename prefix "/home/runner/work/neml2/neml2/src/neml2"
Generating output.
Processing file models/ArrheniusParameter.cxx
  lines=37 hit=36 functions=3 hit=3
Processing file tensors/functions/gcd.cxx
  lines=1 hit=1 functions=18 hit=18
Processing file models/MixedControlSetup.cxx
  lines=52 hit=51 functions=4 hit=4
Processing file base/LabeledAxis.cxx
  lines=297 hit=239 functions=40 hit=33
Processing file models/IntermediateSum.cxx
  lines=15 hit=14 functions=51 hit=19
Processing file tensors/functions/exp.cxx
  lines=1 hit=1 functions=18 hit=18
Processing file models/solid_mechanics/elasticity/GreenLagrangeStrain.cxx
  lines=25 hit=24 functions=3 hit=3
Processing file drivers/solid_mechanics/SDTSolidMechanicsDriver.cxx
  lines=27 hit=26 functions=4 hit=4
Processing file tensors/functions/atan.cxx
  lines=1 hit=1 functions=18 hit=18
Processing file tensors/functions/heaviside.cxx
  lines=1 hit=1 functions=18 hit=18
Processing file tensors/functions/linalg/dsptrf.cxx
  lines=21 hit=21 functions=2 hit=2
Processing file tensors/TraceableTensorShape.cxx
  lines=39 hit=31 functions=10 hit=7
Processing file tensors/crystallography.cxx
  lines=53 hit=52 functions=6 hit=6
Processing file tensors/functions/linalg/lu_factor.cxx
  lines=9 hit=9 functions=1 hit=1
Processing file models/Data.cxx
  lines=8 hit=7 functions=2 hit=2
Processing file models/chemical_reactions/ContractingGeometry.cxx
  lines=25 hit=23 functions=3 hit=3
Processing file dispatchers/WorkScheduler.cxx
  lines=55 hit=36 functions=9 hit=8
Processing file drivers/solid_mechanics/LDISolidMechanicsDriver.cxx
  lines=79 hit=73 functions=9 hit=8
Processing file models/LinearCombination.cxx
  lines=64 hit=64 functions=12 hit=8
Processing file tensors/functions/clamp.cxx
  lines=1 hit=1 functions=36 hit=36
Processing file models/DynamicMean.cxx
  lines=12 hit=11 functions=51 hit=19
Processing file tensors/functions/utils.cxx
  lines=25 hit=10 functions=2 hit=1
Processing file models/BufferStore.cxx
  lines=56 hit=35 functions=60 hit=16
Processing file tensors/functions/det.cxx
  lines=31 hit=27 functions=4 hit=3
Processing file models/solid_mechanics/crystal_plasticity/SumSlipRates.cxx
  lines=24 hit=23 functions=3 hit=3
Processing file tensors/functions/outer.cxx
  lines=4 hit=4 functions=8 hit=7
Processing file models/solid_mechanics/KocksMeckingRateSensitivity.cxx
  lines=57 hit=56 functions=3 hit=3
Processing file models/FischerBurmeister.cxx
  lines=45 hit=45 functions=3 hit=3
Processing file tensors/functions/norm.cxx
  lines=2 hit=2 functions=1 hit=1
Processing file tensors/functions/cosh.cxx
  lines=1 hit=1 functions=18 hit=18
Processing file tensors/functions/jacrev.cxx
  lines=35 hit=35 functions=2 hit=2
Processing file tensors/functions/cat.cxx
  lines=8 hit=8 functions=73 hit=73
Processing file tensors/WSR4.cxx
  lines=3 hit=3 functions=1 hit=1
Processing file models/phase_field_fracture/CrackGeometricFunctionAT1.cxx
  lines=16 hit=15 functions=3 hit=3
Processing file models/chemical_reactions/EffectiveVolume.cxx
  lines=46 hit=45 functions=3 hit=3
Processing file models/solid_mechanics/elasticity/CubicElasticityConverter.cxx
  lines=33 hit=33 functions=3 hit=3
Processing file tensors/functions/acos.cxx
  lines=1 hit=1 functions=18 hit=18
Processing file tensors/functions/symmetrization.cxx
  lines=88 hit=88 functions=22 hit=22
Processing file tensors/functions/sin.cxx
  lines=1 hit=1 functions=18 hit=18
Processing file tensors/SSR4.cxx
  lines=73 hit=67 functions=20 hit=17
Processing file models/R2toSR2.cxx
  lines=21 hit=20 functions=3 hit=3
Processing file base/InputFile.cxx
  lines=8 hit=6 functions=3 hit=2
Processing file models/solid_mechanics/LinearIsotropicElasticJ2TrialStressUpdate.cxx
  lines=41 hit=38 functions=3 hit=3
Processing file tensors/R2.cxx
  lines=65 hit=65 functions=19 hit=19
Processing file base/TracingInterface.cxx
  lines=86 hit=85 functions=13 hit=13
Processing file models/solid_mechanics/elasticity/ElasticityConverter.cxx
  lines=22 hit=10 functions=1 hit=1
Processing file models/solid_mechanics/crystal_plasticity/PlasticDeformationRate.cxx
  lines=34 hit=33 functions=3 hit=3
Processing file tensors/Transformable.cxx
  lines=14 hit=12 functions=6 hit=5
Processing file tensors/functions/sign.cxx
  lines=1 hit=1 functions=18 hit=18
Processing file models/chemical_reactions/AvramiErofeevNucleation.cxx
  lines=20 hit=19 functions=3 hit=3
Processing file models/phase_field_fracture/RationalDegradationFunction.cxx
  lines=43 hit=42 functions=3 hit=3
Processing file tensors/functions/linalg/lu_solve.cxx
  lines=24 hit=24 functions=1 hit=1
Processing file tensors/functions/norm_sq.cxx
  lines=2 hit=2 functions=1 hit=1
Processing file models/InputParameter.cxx
  lines=23 hit=22 functions=51 hit=21
Processing file models/porous_flow/AdvectiveStress.cxx
  lines=47 hit=46 functions=3 hit=3
Processing file tensors/Tensor.cxx
  lines=83 hit=73 functions=17 hit=17
Processing file tensors/functions/discretization/interpolate.cxx
  lines=11 hit=11 functions=1 hit=1
Processing file tensors/functions/tr.cxx
  lines=11 hit=7 functions=4 hit=3
Processing file tensors/functions/log10.cxx
  lines=1 hit=1 functions=18 hit=18
Processing file models/phase_field_fracture/LinearIsotropicStrainEnergyDensity.cxx
  lines=94 hit=92 functions=6 hit=6
Processing file models/porous_flow/PowerLawPermeability.cxx
  lines=23 hit=22 functions=3 hit=3
Processing file models/solid_mechanics/elasticity/IsotropicElasticityTensor.cxx
  lines=24 hit=23 functions=3 hit=3
Processing file models/solid_mechanics/KinematicHardeningStaticRecovery.cxx
  lines=16 hit=15 functions=2 hit=2
Processing file models/Determinant.cxx
  lines=20 hit=19 functions=6 hit=4
Processing file models/solid_mechanics/KocksMeckingYieldStress.cxx
  lines=31 hit=30 functions=3 hit=3
Processing file models/solid_mechanics/AssociativeKinematicPlasticHardening.cxx
  lines=27 hit=26 functions=3 hit=3
Processing file base/MultiEnumSelection.cxx
  lines=38 hit=38 functions=8 hit=8
Processing file dispatchers/valuemap_helpers.cxx
  lines=30 hit=28 functions=3 hit=3
Processing file models/solid_mechanics/crystal_plasticity/PowerLawSlipRule.cxx
  lines=27 hit=26 functions=3 hit=3
Processing file base/Settings.cxx
  lines=31 hit=30 functions=2 hit=2
Processing file base/LabeledAxisAccessor.cxx
  lines=87 hit=73 functions=26 hit=24
Processing file user_tensors/RandomTensor.cxx
  lines=32 hit=8 functions=54 hit=18
Processing file solvers/Newton.cxx
  lines=42 hit=41 functions=7 hit=7
Processing file tensors/functions/discretization/assemble.cxx
  lines=12 hit=7 functions=2 hit=1
Processing file tensors/functions/pow.cxx
  lines=17 hit=12 functions=39 hit=22
Processing file user_tensors/CSVPrimitiveTensor.cxx
  lines=41 hit=40 functions=13 hit=13
Processing file models/solid_mechanics/YieldFunction.cxx
  lines=38 hit=37 functions=3 hit=3
Processing file models/ImplicitUpdate.cxx
  lines=55 hit=54 functions=5 hit=5
Processing file tensors/functions/macaulay.cxx
  lines=1 hit=1 functions=18 hit=18
Processing file models/solid_mechanics/SwellingAndPhaseChangeDeformationJacobian.cxx
  lines=35 hit=34 functions=3 hit=3
Processing file misc/defaults.cxx
  lines=16 hit=13 functions=7 hit=6
Processing file models/porous_flow/PorosityPermeabilityRelation.cxx
  lines=13 hit=12 functions=2 hit=2
Processing file drivers/ModelDriver.cxx
  lines=71 hit=45 functions=8 hit=4
Processing file models/solid_mechanics/RateIndependentPlasticFlowConstraint.cxx
  lines=29 hit=28 functions=3 hit=3
Processing file tensors/functions/linalg/eigh.cxx
  lines=6 hit=6 functions=1 hit=1
Processing file models/solid_mechanics/elasticity/CubicElasticityTensor.cxx
  lines=28 hit=27 functions=3 hit=3
Processing file models/ParameterStore.cxx
  lines=143 hit=105 functions=77 hit=18
Processing file models/solid_mechanics/GTNYieldFunction.cxx
  lines=194 hit=193 functions=3 hit=3
Processing file user_tensors/IdentityTensor.cxx
  lines=16 hit=15 functions=3 hit=3
Processing file models/SymmetricHermiteInterpolation.cxx
  lines=42 hit=41 functions=3 hit=3
Processing file tensors/functions/clip.cxx
  lines=1 hit=1 functions=36 hit=36
Processing file models/solid_mechanics/Normality.cxx
  lines=48 hit=45 functions=3 hit=3
Processing file models/porous_flow/VanGenuchtenCapillaryPressure.cxx
  lines=25 hit=24 functions=3 hit=3
Processing file tensors/functions/normalize_gcd.cxx
  lines=1 hit=1 functions=18 hit=18
Processing file models/solid_mechanics/SlopeSaturationVoceIsotropicHardening.cxx
  lines=37 hit=36 functions=3 hit=3
Processing file models/solid_mechanics/ChabochePlasticHardening.cxx
  lines=40 hit=39 functions=3 hit=3
Processing file models/solid_mechanics/KocksMeckingFlowSwitch.cxx
  lines=42 hit=41 functions=3 hit=3
Processing file user_tensors/FactoryMethodBase.cxx
  lines=20 hit=19 functions=36 hit=25
Processing file base/Registry.cxx
  lines=27 hit=27 functions=5 hit=5
Processing file models/ParameterToState.cxx
  lines=20 hit=19 functions=51 hit=19
Processing file solvers/Solver.cxx
  lines=10 hit=9 functions=2 hit=2
Processing file base/DiagnosticsInterface.cxx
  lines=39 hit=38 functions=7 hit=7
Processing file tensors/functions/logical.cxx
  lines=8 hit=6 functions=1532 hit=47
Processing file user_tensors/UserTensor.cxx
  lines=19 hit=18 functions=54 hit=32
Processing file base/NEML2Object.cxx
  lines=21 hit=18 functions=20 hit=5
Processing file tensors/WWR4.cxx
  lines=6 hit=6 functions=2 hit=2
Processing file models/solid_mechanics/VoceIsotropicHardening.cxx
  lines=29 hit=28 functions=3 hit=3
Processing file tensors/functions/mv.cxx
  lines=9 hit=9 functions=1 hit=1
Processing file tensors/functions/stack.cxx
  lines=8 hit=8 functions=73 hit=73
Processing file drivers/Driver.cxx
  lines=14 hit=12 functions=2 hit=2
Processing file models/solid_mechanics/VolumeAdjustDeformationGradient.cxx
  lines=29 hit=28 functions=3 hit=3
Processing file tensors/jit.cxx
  lines=26 hit=12 functions=7 hit=2
Processing file models/porous_flow/ExponentialLawPermeability.cxx
  lines=23 hit=22 functions=3 hit=3
Processing file user_tensors/FillR2.cxx
  lines=37 hit=34 functions=3 hit=3
Processing file base/HITParser.cxx
  lines=74 hit=74 functions=5 hit=5
Processing file tensors/functions/einsum.cxx
  lines=12 hit=12 functions=1 hit=1
Processing file models/chemical_reactions/CylindricalChannelGeometry.cxx
  lines=34 hit=33 functions=3 hit=3
Processing file dispatchers/SliceGenerator.cxx
  lines=14 hit=14 functions=3 hit=3
Processing file drivers/TransientDriver.cxx
  lines=199 hit=176 functions=53 hit=53
Processing file models/Variable.cxx
  lines=90 hit=72 functions=255 hit=80
Processing file base/Parser.cxx
  lines=52 hit=43 functions=6 hit=5
Processing file models/solid_mechanics/TwoStageThermalAnnealing.cxx
  lines=44 hit=44 functions=6 hit=6
Processing file dispatchers/StaticHybridScheduler.cxx
  lines=91 hit=66 functions=8 hit=5
Processing file models/porous_flow/KozenyCarmanPermeability.cxx
  lines=27 hit=26 functions=3 hit=3
Processing file tensors/functions/sqrt.cxx
  lines=1 hit=1 functions=18 hit=18
Processing file user_tensors/LinspaceTensor.cxx
  lines=31 hit=30 functions=54 hit=28
Processing file tensors/functions/diff.cxx
  lines=4 hit=0 functions=37 hit=0
Processing file tensors/functions/diagonalize.cxx
  lines=6 hit=6 functions=37 hit=2
Processing file tensors/functions/discretization/scatter.cxx
  lines=4 hit=4 functions=1 hit=1
Processing file base/TensorName.cxx
  lines=26 hit=23 functions=36 hit=13
Processing file tensors/functions/cos.cxx
  lines=1 hit=1 functions=18 hit=18
Processing file tensors/functions/argmax.cxx
  lines=1 hit=0 functions=54 hit=0
Processing file user_tensors/LogspaceTensor.cxx
  lines=34 hit=33 functions=54 hit=24
Processing file models/solid_mechanics/crystal_plasticity/PlasticSpatialVelocityGradient.cxx
  lines=34 hit=33 functions=3 hit=3
Processing file tensors/shape_utils.cxx
  lines=19 hit=18 functions=4 hit=4
Processing file models/solid_mechanics/elasticity/IsotropicElasticityConverter.cxx
  lines=28 hit=28 functions=4 hit=4
Processing file models/IncrementToRate.cxx
  lines=31 hit=30 functions=12 hit=12
Processing file user_tensors/FillWR2.cxx
  lines=16 hit=15 functions=3 hit=3
Processing file tensors/functions/linspace.cxx
  lines=12 hit=1 functions=37 hit=7
Processing file models/solid_mechanics/crystal_plasticity/ElasticStrainRate.cxx
  lines=54 hit=53 functions=6 hit=6
Processing file models/ForwardEulerTimeIntegration.cxx
  lines=38 hit=36 functions=12 hit=8
Processing file tensors/functions/logspace.cxx
  lines=5 hit=1 functions=37 hit=3
Processing file user_tensors/UserTensorBase.cxx
  lines=82 hit=40 functions=77 hit=57
Processing file tensors/functions/dev.cxx
  lines=4 hit=3 functions=4 hit=3
Processing file models/solid_mechanics/KocksMeckingFlowViscosity.cxx
  lines=83 hit=82 functions=3 hit=3
Processing file dispatchers/SimpleMPIScheduler.cxx
  lines=67 hit=11 functions=8 hit=1
Processing file models/phase_field_fracture/StrainEnergyDensity.cxx
  lines=16 hit=15 functions=2 hit=2
Processing file models/porous_flow/CapillaryPressure.cxx
  lines=50 hit=40 functions=3 hit=3
Processing file tensors/functions/deg2rad.cxx
  lines=1 hit=1 functions=18 hit=18
Processing file models/ScalarMultiplication.cxx
  lines=71 hit=70 functions=3 hit=3
Processing file tensors/TensorValue.cxx
  lines=17 hit=17 functions=108 hit=23
Processing file tensors/Rot.cxx
  lines=145 hit=129 functions=20 hit=17
Processing file models/solid_mechanics/PowerLawIsotropicHardeningStaticRecovery.cxx
  lines=27 hit=26 functions=3 hit=3
Processing file models/CopyVariable.cxx
  lines=20 hit=19 functions=51 hit=21
Processing file models/BackwardEulerTimeIntegration.cxx
  lines=41 hit=40 functions=16 hit=10
Processing file models/VariableStore.cxx
  lines=252 hit=220 functions=119 hit=62
Processing file dispatchers/SimpleScheduler.cxx
  lines=33 hit=32 functions=6 hit=6
Processing file tensors/functions/linalg/ieigh.cxx
  lines=6 hit=6 functions=1 hit=1
Processing file base/EnumSelectionBase.cxx
  lines=27 hit=27 functions=3 hit=3
Processing file tensors/SR2.cxx
  lines=45 hit=43 functions=14 hit=13
Processing file user_tensors/MultiColumnCSVScalar.cxx
  lines=29 hit=29 functions=3 hit=3
Processing file base/OptionSet.cxx
  lines=53 hit=50 functions=18 hit=17
Processing file user_tensors/SymmetryFromOrbifold.cxx
  lines=14 hit=13 functions=3 hit=3
Processing file models/R2Multiplication.cxx
  lines=65 hit=54 functions=3 hit=3
Processing file models/WR2ExplicitExponentialTimeIntegration.cxx
  lines=43 hit=35 functions=4 hit=3
Processing file tensors/VecBase.cxx
  lines=11 hit=11 functions=12 hit=8
Processing file user_tensors/Orientation.cxx
  lines=48 hit=41 functions=4 hit=4
Processing file tensors/R3.cxx
  lines=4 hit=4 functions=1 hit=1
Processing file models/solid_mechanics/OlevskySinteringStress.cxx
  lines=31 hit=30 functions=3 hit=3
Processing file models/solid_mechanics/Eigenstrain.cxx
  lines=9 hit=8 functions=2 hit=2
Processing file models/solid_mechanics/ThermalDeformationJacobian.cxx
  lines=29 hit=27 functions=3 hit=3
Processing file base/EnumSelection.cxx
  lines=31 hit=29 functions=9 hit=8
Processing file tensors/Vec.cxx
  lines=5 hit=5 functions=2 hit=2
Processing file tensors/functions/vol.cxx
  lines=8 hit=6 functions=4 hit=3
Processing file models/solid_mechanics/crystal_plasticity/OrientationRate.cxx
  lines=54 hit=53 functions=6 hit=6
Processing file models/solid_mechanics/AssociativeIsotropicPlasticHardening.cxx
  lines=25 hit=24 functions=3 hit=3
Processing file models/solid_mechanics/crystal_plasticity/SingleSlipHardeningRule.cxx
  lines=19 hit=18 functions=2 hit=2
Processing file models/IntermediateMean.cxx
  lines=16 hit=15 functions=51 hit=19
Processing file tensors/functions/tan.cxx
  lines=1 hit=1 functions=18 hit=18
Processing file models/phase_field_fracture/DegradationFunction.cxx
  lines=12 hit=11 functions=2 hit=2
Processing file models/solid_mechanics/GursonCavitation.cxx
  lines=29 hit=28 functions=3 hit=3
Processing file tensors/functions/linalg/solve.cxx
  lines=20 hit=20 functions=1 hit=1
Processing file models/crystallography/CrystalGeometry.cxx
  lines=127 hit=125 functions=17 hit=17
Processing file models/Reduction.cxx
  lines=14 hit=13 functions=34 hit=18
Processing file tensors/functions/sum.cxx
  lines=4 hit=4 functions=37 hit=7
Processing file models/SR2toR2.cxx
  lines=21 hit=20 functions=3 hit=3
Processing file tensors/functions/abs.cxx
  lines=1 hit=1 functions=18 hit=18
Processing file models/solid_mechanics/PhaseTransformationEigenstrain.cxx
  lines=26 hit=23 functions=3 hit=3
Processing file tensors/functions/sum_to_size.cxx
  lines=13 hit=1 functions=37 hit=1
Processing file models/solid_mechanics/PerzynaPlasticFlowRate.cxx
  lines=31 hit=30 functions=3 hit=3
Processing file drivers/solid_mechanics/SolidMechanicsDriver.cxx
  lines=77 hit=77 functions=7 hit=7
Processing file models/solid_mechanics/KocksMeckingActivationEnergy.cxx
  lines=40 hit=39 functions=3 hit=3
Processing file misc/errors.cxx
  lines=4 hit=4 functions=2 hit=2
Processing file models/SR2Invariant.cxx
  lines=81 hit=75 functions=3 hit=3
Processing file tensors/tensors.cxx
  lines=4 hit=3 functions=1 hit=1
Processing file solvers/NonlinearSolver.cxx
  lines=16 hit=15 functions=2 hit=2
Processing file models/solid_mechanics/FredrickArmstrongPlasticHardening.cxx
  lines=44 hit=43 functions=3 hit=3
Processing file tensors/SWR4.cxx
  lines=3 hit=3 functions=1 hit=1
Processing file solvers/NewtonWithTrustRegion.cxx
  lines=97 hit=85 functions=8 hit=8
Processing file models/solid_mechanics/crystal_plasticity/SlipStrengthMap.cxx
  lines=10 hit=9 functions=2 hit=2
Processing file models/solid_mechanics/LinearIsotropicHardening.cxx
  lines=19 hit=18 functions=3 hit=3
Processing file solvers/NewtonWithLineSearch.cxx
  lines=63 hit=54 functions=4 hit=4
Processing file tensors/Scalar.cxx
  lines=5 hit=5 functions=1 hit=1
Processing file models/solid_mechanics/crystal_plasticity/ResolvedShear.cxx
  lines=34 hit=33 functions=3 hit=3
Processing file tensors/functions/log.cxx
  lines=1 hit=1 functions=18 hit=18
Processing file models/R2toWR2.cxx
  lines=21 hit=20 functions=3 hit=3
Processing file models/chemical_reactions/DiffusionLimitedReaction.cxx
  lines=46 hit=45 functions=3 hit=3
Processing file dispatchers/TensorLoader.cxx
  lines=12 hit=12 functions=3 hit=3
Processing file models/solid_mechanics/crystal_plasticity/FixOrientation.cxx
  lines=26 hit=25 functions=3 hit=3
Processing file user_tensors/FromTorchScript.cxx
  lines=46 hit=16 functions=51 hit=17
Processing file models/solid_mechanics/AssociativePlasticFlow.cxx
  lines=25 hit=24 functions=3 hit=3
Processing file models/Derivative.cxx
  lines=128 hit=117 functions=39 hit=35
Processing file tensors/TraceableSize.cxx
  lines=31 hit=21 functions=8 hit=5
Processing file models/porous_flow/BrooksCoreyCapillaryPressure.cxx
  lines=21 hit=20 functions=3 hit=3
Processing file models/solid_mechanics/elasticity/LinearIsotropicElasticity.cxx
  lines=32 hit=31 functions=3 hit=3
Processing file tensors/functions/unit.cxx
  lines=1 hit=1 functions=18 hit=2
Processing file models/solid_mechanics/VolumeChangeEigenstrain.cxx
  lines=26 hit=22 functions=3 hit=3
Processing file tensors/functions/asin.cxx
  lines=1 hit=1 functions=18 hit=18
Processing file tensors/functions/inner.cxx
  lines=3 hit=3 functions=1 hit=1
Processing file models/solid_mechanics/KinematicHardening.cxx
  lines=13 hit=12 functions=2 hit=2
Processing file models/solid_mechanics/elasticity/Elasticity.cxx
  lines=23 hit=22 functions=2 hit=2
Processing file models/solid_mechanics/crystal_plasticity/LinearSingleSlipHardeningRule.cxx
  lines=20 hit=19 functions=3 hit=3
Processing file base/OptionBase.cxx
  lines=3 hit=0 functions=1 hit=0
Processing file tensors/functions/operators.cxx
  lines=58 hit=49 functions=392 hit=149
Processing file models/VariableBase.cxx
  lines=220 hit=165 functions=53 hit=37
Processing file models/solid_mechanics/IsotropicHardeningStaticRecovery.cxx
  lines=17 hit=16 functions=2 hit=2
Processing file tensors/functions/mm.cxx
  lines=9 hit=9 functions=1 hit=1
Processing file models/ScalarToDiagonalSR2.cxx
  lines=21 hit=20 functions=3 hit=3
Processing file tensors/WR2.cxx
  lines=28 hit=28 functions=4 hit=4
Processing file models/solid_mechanics/PlasticFlowRate.cxx
  lines=12 hit=11 functions=2 hit=2
Processing file user_tensors/FullTensor.cxx
  lines=16 hit=15 functions=54 hit=24
Processing file tensors/functions/cbrt.cxx
  lines=1 hit=1 functions=18 hit=18
Processing file user_tensors/FillSR2.cxx
  lines=27 hit=24 functions=3 hit=3
Processing file models/ComposedModel.cxx
  lines=114 hit=104 functions=6 hit=6
Processing file tensors/functions/tanh.cxx
  lines=1 hit=1 functions=18 hit=18
Processing file tensors/functions/mean.cxx
  lines=4 hit=1 functions=37 hit=2
Processing file models/BilinearInterpolation.cxx
  lines=65 hit=64 functions=9 hit=5
Processing file models/DynamicSum.cxx
  lines=12 hit=11 functions=51 hit=19
Processing file base/Factory.cxx
  lines=30 hit=26 functions=6 hit=5
Processing file models/solid_mechanics/crystal_plasticity/PlasticVorticity.cxx
  lines=33 hit=32 functions=3 hit=3
Processing file models/chemical_reactions/ReactionMechanism.cxx
  lines=12 hit=11 functions=2 hit=2
Processing file tensors/functions/to_assembly.cxx
  lines=24 hit=24 functions=9 hit=9
Processing file models/solid_mechanics/crystal_plasticity/VoceSingleSlipHardeningRule.cxx
  lines=28 hit=27 functions=3 hit=3
Processing file models/solid_mechanics/MandelStress.cxx
  lines=13 hit=12 functions=2 hit=2
Processing file tensors/functions/from_assembly.cxx
  lines=28 hit=28 functions=3 hit=3
Processing file tensors/functions/vv.cxx
  lines=15 hit=14 functions=1 hit=1
Processing file user_tensors/CSVReader.cxx
  lines=95 hit=95 functions=6 hit=6
Processing file misc/string_utils.cxx
  lines=33 hit=24 functions=6 hit=5
Processing file models/phase_field_fracture/CrackGeometricFunction.cxx
  lines=12 hit=11 functions=2 hit=2
Processing file solvers/TrustRegionSubProblem.cxx
  lines=23 hit=23 functions=6 hit=6
Processing file models/phase_field_fracture/CrackGeometricFunctionAT2.cxx
  lines=18 hit=17 functions=3 hit=3
Processing file models/phase_field_fracture/PowerDegradationFunction.cxx
  lines=23 hit=22 functions=3 hit=3
Processing file models/porous_flow/EffectiveSaturation.cxx
  lines=29 hit=28 functions=3 hit=3
Processing file models/HermiteSmoothStep.cxx
  lines=35 hit=34 functions=3 hit=3
Processing file models/Model.cxx
  lines=424 hit=338 functions=53 hit=44
Processing file tensors/Quaternion.cxx
  lines=23 hit=23 functions=3 hit=3
Processing file models/crystallography/CubicCrystal.cxx
  lines=19 hit=18 functions=3 hit=3
Processing file models/solid_mechanics/crystal_plasticity/SlipRule.cxx
  lines=17 hit=16 functions=2 hit=2
Processing file tensors/functions/minimum.cxx
  lines=1 hit=1 functions=18 hit=18
Processing file models/solid_mechanics/AssociativeJ2FlowDirection.cxx
  lines=27 hit=26 functions=3 hit=3
Processing file models/solid_mechanics/PowerLawKinematicHardeningStaticRecovery.cxx
  lines=30 hit=29 functions=3 hit=3
Processing file misc/types.cxx
  lines=23 hit=8 functions=2 hit=1
Processing file tensors/functions/where.cxx
  lines=1 hit=1 functions=36 hit=4
Processing file tensors/functions/sinh.cxx
  lines=1 hit=1 functions=18 hit=18
Processing file models/solid_mechanics/elasticity/GeneralElasticity.cxx
  lines=32 hit=31 functions=3 hit=3
Processing file tensors/functions/inv.cxx
  lines=72 hit=38 functions=6 hit=3
Processing file models/solid_mechanics/ThermalEigenstrain.cxx
  lines=32 hit=27 functions=3 hit=3
Processing file tensors/functions/fmod.cxx
  lines=1 hit=1 functions=36 hit=18
Processing file models/solid_mechanics/IsotropicHardening.cxx
  lines=13 hit=12 functions=2 hit=2
Processing file models/solid_mechanics/IsotropicMandelStress.cxx
  lines=13 hit=12 functions=2 hit=2
Processing file models/ConstantParameter.cxx
  lines=18 hit=16 functions=51 hit=21
Processing file solvers/NonlinearSystem.cxx
  lines=111 hit=93 functions=16 hit=14
Processing file models/solid_mechanics/KocksMeckingIntercept.cxx
  lines=45 hit=44 functions=3 hit=3
Processing file tensors/functions/argmin.cxx
  lines=1 hit=0 functions=54 hit=0
Processing file models/Interpolation.cxx
  lines=28 hit=28 functions=35 hit=6
Processing file models/solid_mechanics/crystal_plasticity/SingleSlipStrengthMap.cxx
  lines=23 hit=22 functions=3 hit=3
Processing file models/solid_mechanics/elasticity/AnisotropicElasticity.cxx
  lines=10 hit=9 functions=2 hit=2
Processing file dispatchers/derivmap_helpers.cxx
  lines=25 hit=15 functions=3 hit=2
Processing file models/VariableRate.cxx
  lines=41 hit=40 functions=12 hit=8
Processing file models/WR2ImplicitExponentialTimeIntegration.cxx
  lines=46 hit=45 functions=4 hit=4
Processing file models/Assembler.cxx
  lines=149 hit=142 functions=6 hit=6
Processing file models/solid_mechanics/LinearKinematicHardening.cxx
  lines=21 hit=20 functions=3 hit=3
Processing file dispatchers/ValueMapLoader.cxx
  lines=28 hit=27 functions=4 hit=4
Processing file user_tensors/FillRot.cxx
  lines=30 hit=28 functions=3 hit=3
Processing file tensors/functions/cross.cxx
  lines=6 hit=6 functions=1 hit=1
Processing file base/Option.cxx
  lines=33 hit=22 functions=371 hit=150
Processing file tensors/TensorCache.cxx
  lines=13 hit=13 functions=3 hit=3
Processing file tensors/R4.cxx
  lines=29 hit=26 functions=8 hit=7
Processing file models/solid_mechanics/FlowRule.cxx
  lines=11 hit=10 functions=2 hit=2
Processing file models/LinearInterpolation.cxx
  lines=37 hit=36 functions=9 hit=7
Processing file models/RotationMatrix.cxx
  lines=21 hit=20 functions=3 hit=3
Overall coverage rate:
  lines......: 88.7% (8868 of 9996 lines)
  functions......: 44.3% (2752 of 6218 functions)
